<?xml version="1.0" encoding="UTF-8"?>
<!-- Generated by org.testng.reporters.JUnitReportReporter -->
<testsuite hostname="JK5P2H2" name="Yixin.Taoche.TestScripts.TestSearchPage" tests="1" failures="0" timestamp="21 Jul 2017 00:42:37 GMT" time="62.835" errors="0">
  <testcase name="SearchPage" time="62.835" classname="Yixin.Taoche.TestScripts.TestSearchPage"/>
</testsuite> <!-- Yixin.Taoche.TestScripts.TestSearchPage -->
