<?xml version="1.0" encoding="UTF-8"?>
<!-- Generated by org.testng.reporters.JUnitReportReporter -->
<testsuite hostname="JK5P2H2" name="Yixin.Taoche.TestScripts.TestTiantianpaiPage" tests="1" failures="0" timestamp="21 Jul 2017 02:11:34 GMT" time="34.097" errors="0">
  <testcase name="TaintianpaiPage" time="34.097" classname="Yixin.Taoche.TestScripts.TestTiantianpaiPage"/>
</testsuite> <!-- Yixin.Taoche.TestScripts.TestTiantianpaiPage -->
